

*******************************************************************************
Fri Jan 27 15:03:56 2017


FIT:    data read from 'oaSignal_W03.0_R00.5.dat' u 1:3
        format = x:z
        x range restricted to [1.55000 : 2.00000]
        #datapoints = 34
        residuals are weighted equally (unit weight)

function used for fitting: f(x)
	f(x)=a0+a1*exp(a2*x)
fitted parameters initialized with current variable values

iter      chisq       delta/lim  lambda   a0            a1            a2           
   0 5.7730113258e-01   0.00e+00  1.12e+00    7.527844e-02   3.072515e-02   1.650000e+00
 108 9.5428074485e-04  -2.02e-01  1.12e-03    7.771515e-02   3.814810e-03   2.664403e+00

After 108 iterations the fit converged.
final sum of squares of residuals : 0.000954281
rel. change during last iteration : -2.01614e-06

degrees of freedom    (FIT_NDF)                        : 31
rms of residuals      (FIT_STDFIT) = sqrt(WSSR/ndf)    : 0.00554827
variance of residuals (reduced chisquare) = WSSR/ndf   : 3.07832e-05

Final set of parameters            Asymptotic Standard Error
=======================            ==========================
a0              = 0.0777152        +/- 0.01815      (23.36%)
a1              = 0.00381481       +/- 0.0008777    (23.01%)
a2              = 2.6644           +/- 0.1047       (3.929%)

correlation matrix of the fit parameters:
                a0     a1     a2     
a0              1.000 
a1             -0.991  1.000 
a2              0.987 -1.000  1.000 


*******************************************************************************
Fri Jan 27 15:04:16 2017


FIT:    data read from 'oaSignal_W03.0_R01.0.dat' u 1:3
        format = x:z
        x range restricted to [1.55000 : 2.00000]
        #datapoints = 34
        residuals are weighted equally (unit weight)

function used for fitting: f(x)
	f(x)=a0+a1*exp(a2*x)
fitted parameters initialized with current variable values

iter      chisq       delta/lim  lambda   a0            a1            a2           
   0 1.0833282107e-02   0.00e+00  1.44e+00    7.771515e-02   3.814810e-03   2.664403e+00
 228 1.1042861834e-03  -9.25e-05  1.44e-06    3.628931e-02   7.129887e-03   2.385819e+00

After 228 iterations the fit converged.
final sum of squares of residuals : 0.00110429
rel. change during last iteration : -9.24894e-10

degrees of freedom    (FIT_NDF)                        : 31
rms of residuals      (FIT_STDFIT) = sqrt(WSSR/ndf)    : 0.00596843
variance of residuals (reduced chisquare) = WSSR/ndf   : 3.56221e-05

Final set of parameters            Asymptotic Standard Error
=======================            ==========================
a0              = 0.0362893        +/- 0.02418      (66.64%)
a1              = 0.00712989       +/- 0.001768     (24.8%)
a2              = 2.38582          +/- 0.1108       (4.646%)

correlation matrix of the fit parameters:
                a0     a1     a2     
a0              1.000 
a1             -0.993  1.000 
a2              0.990 -1.000  1.000 


*******************************************************************************
Fri Jan 27 15:04:26 2017


FIT:    data read from 'oaSignal_W03.0_R01.5.dat' u 1:3
        format = x:z
        x range restricted to [1.55000 : 2.00000]
        #datapoints = 34
        residuals are weighted equally (unit weight)

function used for fitting: f(x)
	f(x)=a0+a1*exp(a2*x)
fitted parameters initialized with current variable values

iter      chisq       delta/lim  lambda   a0            a1            a2           
   0 2.0234902650e-02   0.00e+00  1.44e+00    3.628931e-02   7.129887e-03   2.385819e+00
  31 1.2423955918e-03  -1.10e-03  1.44e-06   -1.496463e-02   1.652039e-02   1.995780e+00

After 31 iterations the fit converged.
final sum of squares of residuals : 0.0012424
rel. change during last iteration : -1.10438e-08

degrees of freedom    (FIT_NDF)                        : 31
rms of residuals      (FIT_STDFIT) = sqrt(WSSR/ndf)    : 0.00633066
variance of residuals (reduced chisquare) = WSSR/ndf   : 4.00773e-05

Final set of parameters            Asymptotic Standard Error
=======================            ==========================
a0              = -0.0149646       +/- 0.03634      (242.9%)
a1              = 0.0165204        +/- 0.004661     (28.22%)
a2              = 1.99578          +/- 0.1219       (6.11%)

correlation matrix of the fit parameters:
                a0     a1     a2     
a0              1.000 
a1             -0.995  1.000 
a2              0.993 -1.000  1.000 


*******************************************************************************
Fri Jan 27 15:04:36 2017


FIT:    data read from 'oaSignal_W03.0_R01.5.dat' u 1:3
        format = x:z
        x range restricted to [1.55000 : 2.00000]
        #datapoints = 34
        residuals are weighted equally (unit weight)

function used for fitting: f(x)
	f(x)=a0+a1*exp(a2*x)
fitted parameters initialized with current variable values

iter      chisq       delta/lim  lambda   a0            a1            a2           
   0 1.2423955918e-03   0.00e+00  1.36e+00   -1.496463e-02   1.652039e-02   1.995780e+00
   1 1.2423955918e-03  -2.55e-07  1.36e-01   -1.496463e-02   1.652039e-02   1.995780e+00

After 1 iterations the fit converged.
final sum of squares of residuals : 0.0012424
rel. change during last iteration : -2.54733e-12

degrees of freedom    (FIT_NDF)                        : 31
rms of residuals      (FIT_STDFIT) = sqrt(WSSR/ndf)    : 0.00633066
variance of residuals (reduced chisquare) = WSSR/ndf   : 4.00773e-05

Final set of parameters            Asymptotic Standard Error
=======================            ==========================
a0              = -0.0149646       +/- 0.03634      (242.9%)
a1              = 0.0165204        +/- 0.004661     (28.22%)
a2              = 1.99578          +/- 0.1219       (6.11%)

correlation matrix of the fit parameters:
                a0     a1     a2     
a0              1.000 
a1             -0.995  1.000 
a2              0.993 -1.000  1.000 


*******************************************************************************
Fri Jan 27 15:04:51 2017


FIT:    data read from 'oaSignal_W03.0_R01.5.dat' u 1:3
        format = x:z
        x range restricted to [1.55000 : 2.00000]
        #datapoints = 34
        residuals are weighted equally (unit weight)

function used for fitting: f(x)
	f(x)=a0+a1*exp(a2*x)
fitted parameters initialized with current variable values

iter      chisq       delta/lim  lambda   a0            a1            a2           
   0 8.0387635907e+00   0.00e+00  1.76e-01   -1.496463e-02   1.652039e-02   1.150000e+00
   5 1.2423955923e-03  -9.62e-02  1.76e-05   -1.496479e-02   1.652041e-02   1.995779e+00

After 5 iterations the fit converged.
final sum of squares of residuals : 0.0012424
rel. change during last iteration : -9.62261e-07

degrees of freedom    (FIT_NDF)                        : 31
rms of residuals      (FIT_STDFIT) = sqrt(WSSR/ndf)    : 0.00633066
variance of residuals (reduced chisquare) = WSSR/ndf   : 4.00773e-05

Final set of parameters            Asymptotic Standard Error
=======================            ==========================
a0              = -0.0149648       +/- 0.03634      (242.8%)
a1              = 0.0165204        +/- 0.004661     (28.22%)
a2              = 1.99578          +/- 0.1219       (6.11%)

correlation matrix of the fit parameters:
                a0     a1     a2     
a0              1.000 
a1             -0.995  1.000 
a2              0.993 -1.000  1.000 


*******************************************************************************
Fri Jan 27 15:06:06 2017


FIT:    data read from 'oaSignal_W03.0_R01.5.dat' u 1:3
        format = x:z
        x range restricted to [1.60000 : 2.00000]
        #datapoints = 31
        residuals are weighted equally (unit weight)

function used for fitting: f(x)
	f(x)=a0+a1*exp(a2*x)
fitted parameters initialized with current variable values

iter      chisq       delta/lim  lambda   a0            a1            a2           
   0 1.2422085172e-03   0.00e+00  1.41e+00   -1.496479e-02   1.652041e-02   1.995779e+00
   1 1.2422083788e-03  -1.11e-02  1.41e-01   -1.496478e-02   1.652047e-02   1.995779e+00

After 1 iterations the fit converged.
final sum of squares of residuals : 0.00124221
rel. change during last iteration : -1.11461e-07

degrees of freedom    (FIT_NDF)                        : 28
rms of residuals      (FIT_STDFIT) = sqrt(WSSR/ndf)    : 0.00666067
variance of residuals (reduced chisquare) = WSSR/ndf   : 4.43646e-05

Final set of parameters            Asymptotic Standard Error
=======================            ==========================
a0              = -0.0149648       +/- 0.04803      (320.9%)
a1              = 0.0165205        +/- 0.005987     (36.24%)
a2              = 1.99578          +/- 0.1556       (7.795%)

correlation matrix of the fit parameters:
                a0     a1     a2     
a0              1.000 
a1             -0.996  1.000 
a2              0.994 -1.000  1.000 


*******************************************************************************
Fri Jan 27 15:07:01 2017


FIT:    data read from 'oaSignal_W03.0_R01.5.dat' u 1:3
        format = x:z
        x range restricted to [1.60000 : 2.00000]
        #datapoints = 31
        residuals are weighted equally (unit weight)

function used for fitting: f(x)
	f(x)=a0+a1*exp(x/a2)
fitted parameters initialized with current variable values

iter      chisq       delta/lim  lambda   a0            a1            a2           
   0 1.0940207468e+01   0.00e+00  3.30e-02   -1.496478e-02   1.652047e-02   1.995779e+00
1204 8.6171128483e-03  -3.61e-01  3.30e-08    3.260732e+02  -3.276693e+02  -2.673216e+02

After 1204 iterations the fit converged.
final sum of squares of residuals : 0.00861711
rel. change during last iteration : -3.61294e-06

degrees of freedom    (FIT_NDF)                        : 28
rms of residuals      (FIT_STDFIT) = sqrt(WSSR/ndf)    : 0.0175429
variance of residuals (reduced chisquare) = WSSR/ndf   : 0.000307754

Final set of parameters            Asymptotic Standard Error
=======================            ==========================
a0              = 326.073          +/- 3.549e+04    (1.088e+04%)
a1              = -327.669         +/- 3.549e+04    (1.083e+04%)
a2              = -267.322         +/- 2.918e+04    (1.092e+04%)

correlation matrix of the fit parameters:
                a0     a1     a2     
a0              1.000 
a1             -1.000  1.000 
a2             -1.000  1.000  1.000 


*******************************************************************************
Fri Jan 27 15:07:28 2017


FIT:    data read from 'oaSignal_W03.0_R01.5.dat' u 1:3
        format = x:z
        x range restricted to [1.60000 : 2.00000]
        #datapoints = 31
        residuals are weighted equally (unit weight)

function used for fitting: f(x)
	f(x)=a0+a1*exp(a2*x)+a3*exp(a4*x)
fitted parameters initialized with current variable values

iter      chisq       delta/lim  lambda   a0            a1            a2            a3            a4           
   0 3.4079806677e+06   0.00e+00  1.46e+02    3.260732e+02  -3.276693e+02  -2.673216e+02   1.000000e+00   1.000000e+00
BREAK: Singular matrix in Invert_RtR

*******************************************************************************
Fri Jan 27 15:07:39 2017


FIT:    data read from 'oaSignal_W03.0_R01.5.dat' u 1:3
        format = x:z
        x range restricted to [1.60000 : 2.00000]
        #datapoints = 31
        residuals are weighted equally (unit weight)

function used for fitting: f(x)
	f(x)=a0+a1*exp(a2*x)+a3*exp(a4*x)
fitted parameters initialized with current variable values

iter      chisq       delta/lim  lambda   a0            a1            a2           
   0 1.4139722031e-03   0.00e+00  9.29e-03   -1.608706e-02  -3.276693e+02  -2.673216e+02
BREAK: Singular matrix in Invert_RtR

*******************************************************************************
Fri Jan 27 15:07:44 2017


FIT:    data read from 'oaSignal_W03.0_R01.5.dat' u 1:3
        format = x:z
        x range restricted to [1.60000 : 2.00000]
        #datapoints = 31
        residuals are weighted equally (unit weight)

function used for fitting: f(x)
	f(x)=a0+a1*exp(a2*x)
fitted parameters initialized with current variable values

iter      chisq       delta/lim  lambda   a0            a1            a2           
   0 1.2600628872e+01   0.00e+00  1.06e-02   -1.834127e-02  -3.276693e+02  -2.675890e+02
BREAK: Singular matrix in Invert_RtR

*******************************************************************************
Fri Jan 27 15:07:55 2017


FIT:    data read from 'oaSignal_W03.0_R01.5.dat' u 1:3
        format = x:z
        x range restricted to [1.60000 : 2.00000]
        #datapoints = 31
        residuals are weighted equally (unit weight)

function used for fitting: f(x)
	f(x)=a0+a1*exp(a2*x)
fitted parameters initialized with current variable values

iter      chisq       delta/lim  lambda   a0            a1            a2           
   0 1.3163603524e+03   0.00e+00  7.42e+00    1.000000e+00   1.000000e+00   1.000000e+00
  29 1.2422149592e-03  -9.14e-01  7.42e-03   -1.520546e-02   1.655407e-02   1.994880e+00

After 29 iterations the fit converged.
final sum of squares of residuals : 0.00124221
rel. change during last iteration : -9.14155e-06

degrees of freedom    (FIT_NDF)                        : 28
rms of residuals      (FIT_STDFIT) = sqrt(WSSR/ndf)    : 0.00666069
variance of residuals (reduced chisquare) = WSSR/ndf   : 4.43648e-05

Final set of parameters            Asymptotic Standard Error
=======================            ==========================
a0              = -0.0152055       +/- 0.04807      (316.1%)
a1              = 0.0165541        +/- 0.006        (36.24%)
a2              = 1.99488          +/- 0.1556       (7.799%)

correlation matrix of the fit parameters:
                a0     a1     a2     
a0              1.000 
a1             -0.996  1.000 
a2              0.994 -1.000  1.000 


*******************************************************************************
Fri Jan 27 15:07:58 2017


FIT:    data read from 'oaSignal_W03.0_R01.5.dat' u 1:3
        format = x:z
        x range restricted to [1.60000 : 2.00000]
        #datapoints = 31
        residuals are weighted equally (unit weight)

function used for fitting: f(x)
	f(x)=a0+a1*exp(a2*x)
fitted parameters initialized with current variable values

iter      chisq       delta/lim  lambda   a0            a1            a2            a3            a4           
   0 1.2422149592e-03   0.00e+00  1.09e+00   -1.520546e-02   1.655407e-02   1.994880e+00   1.666519e-02   1.993994e+00
BREAK: Singular matrix in Invert_RtR

*******************************************************************************
Fri Jan 27 15:08:02 2017


FIT:    data read from 'oaSignal_W03.0_R01.5.dat' u 1:3
        format = x:z
        x range restricted to [1.60000 : 2.00000]
        #datapoints = 31
        residuals are weighted equally (unit weight)

function used for fitting: f(x)
	f(x)=a0+a1*exp(a2*x)
fitted parameters initialized with current variable values

iter      chisq       delta/lim  lambda   a0            a1            a2           
   0 1.2422145936e-03   0.00e+00  1.41e+00   -1.520546e-02   1.655404e-02   1.994883e+00
   1 1.2422145873e-03  -5.10e-04  1.41e-01   -1.520547e-02   1.655402e-02   1.994884e+00

After 1 iterations the fit converged.
final sum of squares of residuals : 0.00124221
rel. change during last iteration : -5.09826e-09

degrees of freedom    (FIT_NDF)                        : 28
rms of residuals      (FIT_STDFIT) = sqrt(WSSR/ndf)    : 0.00666069
variance of residuals (reduced chisquare) = WSSR/ndf   : 4.43648e-05

Final set of parameters            Asymptotic Standard Error
=======================            ==========================
a0              = -0.0152055       +/- 0.04807      (316.1%)
a1              = 0.016554         +/- 0.006        (36.24%)
a2              = 1.99488          +/- 0.1556       (7.799%)

correlation matrix of the fit parameters:
                a0     a1     a2     
a0              1.000 
a1             -0.996  1.000 
a2              0.994 -1.000  1.000 


*******************************************************************************
Fri Jan 27 15:09:20 2017


FIT:    data read from 'oaSignal_W03.0_R01.0.dat' u 1:3
        format = x:z
        x range restricted to [1.60000 : 2.00000]
        #datapoints = 31
        residuals are weighted equally (unit weight)

function used for fitting: f(x)
	f(x)=a0+a1*exp(a2*x)
fitted parameters initialized with current variable values

iter      chisq       delta/lim  lambda   a0            a1            a2           
   0 1.8302181390e-02   0.00e+00  1.41e+00   -1.520547e-02   1.655402e-02   1.994884e+00
 109 1.0900785927e-03  -9.68e-01  1.41e-03    2.274216e-02   8.071761e-03   2.331397e+00

After 109 iterations the fit converged.
final sum of squares of residuals : 0.00109008
rel. change during last iteration : -9.67976e-06

degrees of freedom    (FIT_NDF)                        : 28
rms of residuals      (FIT_STDFIT) = sqrt(WSSR/ndf)    : 0.0062395
variance of residuals (reduced chisquare) = WSSR/ndf   : 3.89314e-05

Final set of parameters            Asymptotic Standard Error
=======================            ==========================
a0              = 0.0227422        +/- 0.03317      (145.9%)
a1              = 0.00807176       +/- 0.00254      (31.47%)
a2              = 2.3314           +/- 0.1391       (5.968%)

correlation matrix of the fit parameters:
                a0     a1     a2     
a0              1.000 
a1             -0.994  1.000 
a2              0.992 -1.000  1.000 


*******************************************************************************
Fri Jan 27 15:09:23 2017


FIT:    data read from 'oaSignal_W03.0_R01.0.dat' u 1:3
        format = x:z
        x range restricted to [1.60000 : 2.00000]
        #datapoints = 31
        residuals are weighted equally (unit weight)

function used for fitting: f(x)
	f(x)=a0+a1*exp(a2*x)
fitted parameters initialized with current variable values

iter      chisq       delta/lim  lambda   a0            a1            a2           
   0 1.0900785927e-03   0.00e+00  1.49e+00    2.274216e-02   8.071761e-03   2.331397e+00
   1 1.0900785648e-03  -2.56e-03  1.49e-01    2.274217e-02   8.071761e-03   2.331398e+00

After 1 iterations the fit converged.
final sum of squares of residuals : 0.00109008
rel. change during last iteration : -2.55737e-08

degrees of freedom    (FIT_NDF)                        : 28
rms of residuals      (FIT_STDFIT) = sqrt(WSSR/ndf)    : 0.0062395
variance of residuals (reduced chisquare) = WSSR/ndf   : 3.89314e-05

Final set of parameters            Asymptotic Standard Error
=======================            ==========================
a0              = 0.0227422        +/- 0.03317      (145.9%)
a1              = 0.00807176       +/- 0.00254      (31.47%)
a2              = 2.3314           +/- 0.1391       (5.968%)

correlation matrix of the fit parameters:
                a0     a1     a2     
a0              1.000 
a1             -0.994  1.000 
a2              0.992 -1.000  1.000 
